2016-Feb-04 22:37:32 INFO  Server:24 - Binding to port 3000, please wait...
@2016-Feb-04 22:37:32 INFO  Server:24 - Binding to port 3000, please wait...
@2016-Feb-04 22:37:32 ERROR Server:30 - java.net.BindException: Address already in use: JVM_Bind
@2016-Feb-04 22:38:12 INFO  Server:24 - Binding to port 3000, please wait...
@2016-Feb-04 22:38:12 INFO  Server:24 - Binding to port 3000, please wait...
@2016-Feb-04 22:38:12 ERROR Server:30 - java.net.BindException: Address already in use: JVM_Bind
@2016-Feb-04 22:38:51 INFO  Server:24 - Binding to port 3000, please wait...
@2016-Feb-04 22:38:51 INFO  Server:24 - Binding to port 3000, please wait...
@2016-Feb-04 22:38:51 ERROR Server:30 - java.net.BindException: Address already in use: JVM_Bind
@2016-Feb-04 22:38:51 INFO  Client:32 - 0:Establishing connection. Please wait... 
@2016-Feb-04 22:38:51 INFO  Client:39 - 53793: Connected to server: /127.0.0.1
@2016-Feb-04 22:38:51 INFO  Client:40 - 53793: Connected to portid: 53793
@2016-Feb-04 22:38:51 INFO  Client:43 - Client has started
@2016-Feb-04 22:38:51 INFO  Client:32 - 53793:Establishing connection. Please wait... 
@2016-Feb-04 22:38:51 INFO  Client:39 - 53794: Connected to server: /127.0.0.1
@2016-Feb-04 22:38:51 INFO  Client:40 - 53794: Connected to portid: 53794
@2016-Feb-04 22:38:51 INFO  Client:43 - Client has started
@2016-Feb-04 22:38:51 INFO  Client:32 - 0:Establishing connection. Please wait... 
@2016-Feb-04 22:38:51 INFO  Client:39 - 53795: Connected to server: /127.0.0.1
@2016-Feb-04 22:38:51 INFO  Client:40 - 53795: Connected to portid: 53795
@2016-Feb-04 22:38:51 INFO  Client:43 - Client has started
@2016-Feb-04 22:38:51 INFO  Client:32 - 53795:Establishing connection. Please wait... 
@2016-Feb-04 22:38:51 INFO  Client:39 - 53796: Connected to server: /127.0.0.1
@2016-Feb-04 22:38:51 INFO  Client:40 - 53796: Connected to portid: 53796
@2016-Feb-04 22:38:51 INFO  Client:43 - Client has started
@2016-Feb-04 22:38:51 INFO  Client:32 - 0:Establishing connection. Please wait... 
@2016-Feb-04 22:38:51 INFO  Client:39 - 53797: Connected to server: /127.0.0.1
@2016-Feb-04 22:38:51 INFO  Client:40 - 53797: Connected to portid: 53797
@2016-Feb-04 22:38:51 INFO  Client:43 - Client has started
@2016-Feb-04 22:38:51 INFO  Client:32 - 53797:Establishing connection. Please wait... 
@2016-Feb-04 22:38:51 INFO  Client:39 - 53798: Connected to server: /127.0.0.1
@2016-Feb-04 22:38:51 INFO  Client:40 - 53798: Connected to portid: 53798
@2016-Feb-04 22:38:51 INFO  Client:43 - Client has started
@2016-Feb-04 22:38:51 INFO  Client:32 - 0:Establishing connection. Please wait... 
@2016-Feb-04 22:38:51 INFO  Client:39 - 53799: Connected to server: /127.0.0.1
@2016-Feb-04 22:38:51 INFO  Client:40 - 53799: Connected to portid: 53799
@2016-Feb-04 22:38:51 INFO  Client:43 - Client has started
@2016-Feb-04 22:38:51 INFO  Client:32 - 53799:Establishing connection. Please wait... 
@2016-Feb-04 22:38:51 INFO  Client:39 - 53800: Connected to server: /127.0.0.1
@2016-Feb-04 22:38:51 INFO  Client:40 - 53800: Connected to portid: 53800
@2016-Feb-04 22:38:51 INFO  Client:43 - Client has started
@2016-Feb-04 22:38:51 INFO  Client:32 - 0:Establishing connection. Please wait... 
@2016-Feb-04 22:38:51 INFO  Client:39 - 53801: Connected to server: /127.0.0.1
@2016-Feb-04 22:38:51 INFO  Client:40 - 53801: Connected to portid: 53801
@2016-Feb-04 22:38:51 INFO  Client:43 - Client has started
@2016-Feb-04 22:38:51 INFO  Client:32 - 53801:Establishing connection. Please wait... 
@2016-Feb-04 22:38:51 INFO  Client:39 - 53802: Connected to server: /127.0.0.1
@2016-Feb-04 22:38:51 INFO  Client:40 - 53802: Connected to portid: 53802
@2016-Feb-04 22:38:51 INFO  Client:43 - Client has started
@2016-Feb-05 11:59:10 INFO  Server:25 - Binding to port 3000, please wait...
@2016-Feb-05 11:59:10 INFO  Server:38 - New ServerThread created
@2016-Feb-05 11:59:10 INFO  Server:25 - Binding to port 3000, please wait...
@2016-Feb-05 11:59:10 INFO  Server:47 - Waiting for Clients
@2016-Feb-05 11:59:10 ERROR Server:31 - java.net.BindException: Address already in use: JVM_Bind
@2016-Feb-05 11:59:10 INFO  Client:39 - 0:Establishing connection. Please wait... 
@2016-Feb-05 11:59:10 INFO  Client:46 - 56050: Connected to server: /127.0.0.1
@2016-Feb-05 11:59:10 INFO  Server:47 - Waiting for Clients
@2016-Feb-05 11:59:10 INFO  Client:47 - 56050: Connected to portid: 56050
@2016-Feb-05 11:59:10 INFO  Client:64 - Initializing buffers
@2016-Feb-05 11:59:10 INFO  Client:70 - New ClientThread has started
@2016-Feb-05 11:59:10 INFO  ClientThread:54 - Client Thread 56050 running.
@2016-Feb-05 11:59:10 INFO  Client:50 - Client has started
@2016-Feb-05 11:59:10 INFO  Client:39 - 56050:Establishing connection. Please wait... 
@2016-Feb-05 11:59:10 INFO  Client:46 - 56051: Connected to server: /127.0.0.1
@2016-Feb-05 11:59:10 INFO  Server:47 - Waiting for Clients
@2016-Feb-05 11:59:10 INFO  Client:47 - 56051: Connected to portid: 56051
@2016-Feb-05 11:59:10 INFO  Client:64 - Initializing buffers
@2016-Feb-05 11:59:10 INFO  Client:50 - Client has started
@2016-Feb-05 11:59:10 INFO  Client:39 - 0:Establishing connection. Please wait... 
@2016-Feb-05 11:59:10 INFO  Client:46 - 56052: Connected to server: /127.0.0.1
@2016-Feb-05 11:59:10 INFO  Server:47 - Waiting for Clients
@2016-Feb-05 11:59:10 INFO  Client:47 - 56052: Connected to portid: 56052
@2016-Feb-05 11:59:10 INFO  Client:64 - Initializing buffers
@2016-Feb-05 11:59:10 INFO  Client:70 - New ClientThread has started
@2016-Feb-05 11:59:10 INFO  ClientThread:54 - Client Thread 56052 running.
@2016-Feb-05 11:59:10 INFO  Client:50 - Client has started
@2016-Feb-05 11:59:10 INFO  Client:39 - 56052:Establishing connection. Please wait... 
@2016-Feb-05 11:59:10 INFO  Client:46 - 56053: Connected to server: /127.0.0.1
@2016-Feb-05 11:59:10 INFO  Server:47 - Waiting for Clients
@2016-Feb-05 11:59:10 INFO  Client:47 - 56053: Connected to portid: 56053
@2016-Feb-05 11:59:10 INFO  Client:64 - Initializing buffers
@2016-Feb-05 11:59:10 INFO  Client:50 - Client has started
@2016-Feb-05 11:59:10 INFO  Client:39 - 0:Establishing connection. Please wait... 
@2016-Feb-05 11:59:10 INFO  Client:46 - 56054: Connected to server: /127.0.0.1
@2016-Feb-05 11:59:10 INFO  Server:47 - Waiting for Clients
@2016-Feb-05 11:59:10 INFO  Client:47 - 56054: Connected to portid: 56054
@2016-Feb-05 11:59:10 INFO  Client:64 - Initializing buffers
@2016-Feb-05 11:59:10 INFO  Client:70 - New ClientThread has started
@2016-Feb-05 11:59:10 INFO  ClientThread:54 - Client Thread 56054 running.
@2016-Feb-05 11:59:10 INFO  Client:50 - Client has started
@2016-Feb-05 11:59:10 INFO  Client:39 - 56054:Establishing connection. Please wait... 
@2016-Feb-05 11:59:10 INFO  Client:46 - 56055: Connected to server: /127.0.0.1
@2016-Feb-05 11:59:10 INFO  Server:47 - Waiting for Clients
@2016-Feb-05 11:59:10 INFO  Client:47 - 56055: Connected to portid: 56055
@2016-Feb-05 11:59:10 INFO  Client:64 - Initializing buffers
@2016-Feb-05 11:59:10 INFO  Client:50 - Client has started
@2016-Feb-05 11:59:10 INFO  Client:39 - 0:Establishing connection. Please wait... 
@2016-Feb-05 11:59:10 INFO  Server:47 - Waiting for Clients
@2016-Feb-05 11:59:10 INFO  Client:46 - 56056: Connected to server: /127.0.0.1
@2016-Feb-05 11:59:10 INFO  Client:47 - 56056: Connected to portid: 56056
@2016-Feb-05 11:59:10 INFO  Client:64 - Initializing buffers
@2016-Feb-05 11:59:10 INFO  Client:70 - New ClientThread has started
@2016-Feb-05 11:59:10 INFO  ClientThread:54 - Client Thread 56056 running.
@2016-Feb-05 11:59:10 INFO  Client:50 - Client has started
@2016-Feb-05 11:59:10 INFO  Client:39 - 56056:Establishing connection. Please wait... 
@2016-Feb-05 11:59:10 INFO  Client:46 - 56057: Connected to server: /127.0.0.1
@2016-Feb-05 11:59:10 INFO  Server:47 - Waiting for Clients
@2016-Feb-05 11:59:10 INFO  Client:47 - 56057: Connected to portid: 56057
@2016-Feb-05 11:59:10 INFO  Client:64 - Initializing buffers
@2016-Feb-05 11:59:10 INFO  Client:50 - Client has started
@2016-Feb-05 11:59:10 INFO  Client:39 - 0:Establishing connection. Please wait... 
@2016-Feb-05 11:59:10 INFO  Server:47 - Waiting for Clients
@2016-Feb-05 11:59:10 INFO  Client:46 - 56058: Connected to server: /127.0.0.1
@2016-Feb-05 11:59:10 INFO  Client:47 - 56058: Connected to portid: 56058
@2016-Feb-05 11:59:10 INFO  Client:64 - Initializing buffers
@2016-Feb-05 11:59:10 INFO  Client:70 - New ClientThread has started
@2016-Feb-05 11:59:10 INFO  Client:50 - Client has started
@2016-Feb-05 11:59:10 INFO  Client:39 - 56058:Establishing connection. Please wait... 
@2016-Feb-05 11:59:10 INFO  ClientThread:54 - Client Thread 56058 running.
@2016-Feb-05 11:59:10 INFO  Server:47 - Waiting for Clients
@2016-Feb-05 11:59:10 INFO  Client:46 - 56059: Connected to server: /127.0.0.1
@2016-Feb-05 11:59:10 INFO  Client:47 - 56059: Connected to portid: 56059
@2016-Feb-05 11:59:10 INFO  Client:64 - Initializing buffers
@2016-Feb-05 11:59:10 INFO  Client:50 - Client has started
@2016-Feb-05 11:59:10 ERROR Server:50 - java.net.SocketException: socket closed
@2016-Feb-05 11:59:10 INFO  Server:47 - Waiting for Clients
@2016-Feb-05 11:59:10 ERROR Server:50 - java.net.SocketException: Socket is closed
@2016-Feb-05 11:59:10 INFO  Server:47 - Waiting for Clients
@2016-Feb-05 11:59:10 ERROR Server:50 - java.net.SocketException: Socket is closed
@2016-Feb-05 11:59:10 INFO  Server:47 - Waiting for Clients
@2016-Feb-05 11:59:10 ERROR Server:50 - java.net.SocketException: Socket is closed
@2016-Feb-05 11:59:10 INFO  Server:47 - Waiting for Clients
@2016-Feb-05 11:59:10 ERROR Server:50 - java.net.SocketException: Socket is closed
@2016-Feb-05 11:59:10 INFO  Server:47 - Waiting for Clients
@2016-Feb-05 11:59:10 ERROR Server:50 - java.net.SocketException: Socket is closed
@2016-Feb-05 11:59:10 INFO  Server:47 - Waiting for Clients
@2016-Feb-05 11:59:10 ERROR Server:50 - java.net.SocketException: Socket is closed
@2016-Feb-05 11:59:10 INFO  Server:47 - Waiting for Clients
@2016-Feb-05 11:59:10 ERROR Server:50 - java.net.SocketException: Socket is closed
@2016-Feb-05 11:59:10 INFO  Server:47 - Waiting for Clients
@2016-Feb-05 11:59:10 ERROR Server:50 - java.net.SocketException: Socket is closed
@2016-Feb-05 11:59:10 INFO  Server:47 - Waiting for Clients
@2016-Feb-05 11:59:10 ERROR Server:50 - java.net.SocketException: Socket is closed
@2016-Feb-05 11:59:10 INFO  Server:47 - Waiting for Clients
@2016-Feb-05 11:59:10 ERROR Server:50 - java.net.SocketException: Socket is closed
@2016-Feb-05 11:59:10 INFO  Server:47 - Waiting for Clients
@2016-Feb-05 11:59:10 ERROR Server:50 - java.net.SocketException: Socket is closed
@2016-Feb-05 11:59:10 INFO  Server:47 - Waiting for Clients
@2016-Feb-05 11:59:10 ERROR Server:50 - java.net.SocketException: Socket is closed
@2016-Feb-05 11:59:10 INFO  Server:47 - Waiting for Clients
@2016-Feb-05 11:59:10 ERROR Server:50 - java.net.SocketException: Socket is closed
@2016-Feb-05 11:59:10 INFO  Server:47 - Waiting for Clients
@2016-Feb-05 11:59:10 ERROR Server:50 - java.net.SocketException: Socket is closed
@2016-Feb-05 11:59:10 INFO  Server:47 - Waiting for Clients
@2016-Feb-05 11:59:10 ERROR Server:50 - java.net.SocketException: Socket is closed
@2016-Feb-05 11:59:10 INFO  Server:47 - Waiting for Clients
@2016-Feb-05 11:59:10 ERROR Server:50 - java.net.SocketException: Socket is closed
@2016-Feb-05 11:59:10 INFO  Server:47 - Waiting for Clients
@2016-Feb-05 11:59:10 ERROR Server:50 - java.net.SocketException: Socket is closed
@2016-Feb-05 11:59:10 INFO  Server:47 - Waiting for Clients
@2016-Feb-05 11:59:10 ERROR Server:50 - java.net.SocketException: Socket is closed
@2016-Feb-05 11:59:10 INFO  Server:47 - Waiting for Clients
@2016-Feb-05 11:59:10 ERROR Server:50 - java.net.SocketException: Socket is closed
@2016-Feb-05 11:59:10 INFO  Server:47 - Waiting for Clients
@2016-Feb-05 11:59:10 ERROR Server:50 - java.net.SocketException: Socket is closed
@2016-Feb-05 11:59:10 INFO  Server:47 - Waiting for Clients
@2016-Feb-05 11:59:10 ERROR Server:50 - java.net.SocketException: Socket is closed
@2016-Feb-05 11:59:10 INFO  Server:47 - Waiting for Clients
@2016-Feb-05 11:59:10 ERROR Server:50 - java.net.SocketException: Socket is closed
@2016-Feb-05 11:59:10 INFO  Server:47 - Waiting for Clients
@2016-Feb-05 11:59:10 ERROR Server:50 - java.net.SocketException: Socket is closed
@2016-Feb-05 11:59:10 INFO  Server:47 - Waiting for Clients
@2016-Feb-05 11:59:10 ERROR Server:50 - java.net.SocketException: Socket is closed
@2016-Feb-05 11:59:10 INFO  Server:47 - Waiting for Clients
@2016-Feb-05 11:59:10 ERROR Server:50 - java.net.SocketException: Socket is closed
@2016-Feb-05 11:59:10 INFO  Server:47 - Waiting for Clients
@2016-Feb-05 11:59:10 ERROR Server:50 - java.net.SocketException: Socket is closed
@2016-Feb-05 11:59:10 INFO  Server:47 - Waiting for Clients
@2016-Feb-05 11:59:10 ERROR Server:50 - java.net.SocketException: Socket is closed
@2016-Feb-05 11:59:10 INFO  Server:47 - Waiting for Clients
@2016-Feb-05 11:59:10 ERROR Server:50 - java.net.SocketException: Socket is closed
@2016-Feb-05 11:59:10 INFO  Server:47 - Waiting for Clients
@2016-Feb-05 11:59:10 ERROR Server:50 - java.net.SocketException: Socket is closed
@2016-Feb-05 11:59:10 INFO  Server:47 - Waiting for Clients
@2016-Feb-05 11:59:10 ERROR Server:50 - java.net.SocketException: Socket is closed
@2016-Feb-05 11:59:10 INFO  Server:47 - Waiting for Clients
@2016-Feb-05 11:59:10 ERROR Server:50 - java.net.SocketException: Socket is closed
@2016-Feb-05 11:59:10 INFO  Server:47 - Waiting for Clients
@2016-Feb-05 11:59:10 ERROR Server:50 - java.net.SocketException: Socket is closed
@2016-Feb-05 11:59:10 INFO  Server:47 - Waiting for Clients
@2016-Feb-05 11:59:10 ERROR Server:50 - java.net.SocketException: Socket is closed
@2016-Feb-05 11:59:10 INFO  Server:47 - Waiting for Clients
@2016-Feb-05 11:59:10 ERROR Server:50 - java.net.SocketException: Socket is closed
@2016-Feb-05 11:59:10 INFO  Server:47 - Waiting for Clients
@2016-Feb-05 11:59:10 ERROR Server:50 - java.net.SocketException: Socket is closed
@2016-Feb-05 11:59:10 INFO  Server:47 - Waiting for Clients
@2016-Feb-05 11:59:10 ERROR Server:50 - java.net.SocketException: Socket is closed
@2016-Feb-05 11:59:10 INFO  Server:47 - Waiting for Clients
@2016-Feb-05 11:59:10 ERROR Server:50 - java.net.SocketException: Socket is closed
@2016-Feb-05 11:59:10 INFO  Server:47 - Waiting for Clients
@2016-Feb-05 11:59:10 ERROR Server:50 - java.net.SocketException: Socket is closed
@2016-Feb-05 11:59:10 INFO  Server:47 - Waiting for Clients
@2016-Feb-05 11:59:10 ERROR Server:50 - java.net.SocketException: Socket is closed
@2016-Feb-05 11:59:10 INFO  Server:47 - Waiting for Clients
@2016-Feb-05 11:59:10 ERROR Server:50 - java.net.SocketException: Socket is closed
@2016-Feb-05 11:59:10 INFO  Server:47 - Waiting for Clients
@2016-Feb-05 11:59:10 ERROR Server:50 - java.net.SocketException: Socket is closed
@2016-Feb-05 11:59:10 INFO  Server:47 - Waiting for Clients
@2016-Feb-05 11:59:10 ERROR Server:50 - java.net.SocketException: Socket is closed
@2016-Feb-05 11:59:10 INFO  Server:47 - Waiting for Clients
@2016-Feb-05 11:59:10 ERROR Server:50 - java.net.SocketException: Socket is closed
@2016-Feb-05 11:59:10 INFO  Server:47 - Waiting for Clients
@2016-Feb-05 11:59:10 ERROR Server:50 - java.net.SocketException: Socket is closed
@2016-Feb-05 11:59:10 INFO  Server:47 - Waiting for Clients
@2016-Feb-05 11:59:10 ERROR Server:50 - java.net.SocketException: Socket is closed
@2016-Feb-05 11:59:10 INFO  Server:47 - Waiting for Clients
@2016-Feb-05 11:59:10 ERROR Server:50 - java.net.SocketException: Socket is closed
@2016-Feb-05 11:59:10 INFO  Server:47 - Waiting for Clients
@2016-Feb-05 11:59:10 ERROR Server:50 - java.net.SocketException: Socket is closed
@2016-Feb-05 11:59:10 INFO  Server:47 - Waiting for Clients
@2016-Feb-05 11:59:10 ERROR Server:50 - java.net.SocketException: Socket is closed
@2016-Feb-05 11:59:10 INFO  Server:47 - Waiting for Clients
@2016-Feb-05 11:59:10 ERROR Server:50 - java.net.SocketException: Socket is closed
@2016-Feb-05 11:59:10 INFO  Server:47 - Waiting for Clients
@2016-Feb-05 11:59:10 ERROR Server:50 - java.net.SocketException: Socket is closed
@2016-Feb-05 11:59:10 INFO  Server:47 - Waiting for Clients
@2016-Feb-05 11:59:10 ERROR Server:50 - java.net.SocketException: Socket is closed
@2016-Feb-05 11:59:10 INFO  Server:47 - Waiting for Clients
@2016-Feb-05 11:59:10 ERROR Server:50 - java.net.SocketException: Socket is closed
@2016-Feb-05 11:59:10 INFO  Server:47 - Waiting for Clients
@2016-Feb-05 11:59:10 ERROR Server:50 - java.net.SocketException: Socket is closed
@2016-Feb-05 11:59:10 INFO  Server:47 - Waiting for Clients
@2016-Feb-05 11:59:10 ERROR Server:50 - java.net.SocketException: Socket is closed
@2016-Feb-05 11:59:10 INFO  Server:47 - Waiting for Clients
@2016-Feb-05 11:59:10 ERROR Server:50 - java.net.SocketException: Socket is closed
@2016-Feb-05 11:59:10 INFO  Server:47 - Waiting for Clients
@2016-Feb-05 11:59:10 ERROR Server:50 - java.net.SocketException: Socket is closed
@2016-Feb-05 11:59:10 INFO  Server:47 - Waiting for Clients
@2016-Feb-05 11:59:10 ERROR Server:50 - java.net.SocketException: Socket is closed
@2016-Feb-05 11:59:10 INFO  Server:47 - Waiting for Clients
@2016-Feb-05 11:59:10 ERROR Server:50 - java.net.SocketException: Socket is closed
@2016-Feb-05 11:59:10 INFO  Server:47 - Waiting for Clients
@2016-Feb-05 11:59:10 ERROR Server:50 - java.net.SocketException: Socket is closed
@2016-Feb-05 11:59:10 INFO  Server:47 - Waiting for Clients
@2016-Feb-05 11:59:10 ERROR Server:50 - java.net.SocketException: Socket is closed
@2016-Feb-05 11:59:10 INFO  Server:47 - Waiting for Clients
@2016-Feb-05 11:59:10 ERROR Server:50 - java.net.SocketException: Socket is closed
@2016-Feb-05 11:59:10 INFO  Server:47 - Waiting for Clients
@2016-Feb-05 11:59:10 ERROR Server:50 - java.net.SocketException: Socket is closed
@2016-Feb-05 11:59:10 INFO  Server:47 - Waiting for Clients
@2016-Feb-05 11:59:10 ERROR Server:50 - java.net.SocketException: Socket is closed
@2016-Feb-05 11:59:10 INFO  Server:47 - Waiting for Clients
@2016-Feb-05 11:59:10 ERROR Server:50 - java.net.SocketException: Socket is closed
@2016-Feb-05 11:59:10 INFO  Server:47 - Waiting for Clients
@2016-Feb-05 11:59:10 ERROR Server:50 - java.net.SocketException: Socket is closed
@2016-Feb-05 11:59:10 INFO  Server:47 - Waiting for Clients
@2016-Feb-05 11:59:10 ERROR Server:50 - java.net.SocketException: Socket is closed
@2016-Feb-05 11:59:10 INFO  Server:47 - Waiting for Clients
@2016-Feb-05 11:59:10 ERROR Server:50 - java.net.SocketException: Socket is closed
@2016-Feb-05 11:59:10 INFO  Server:47 - Waiting for Clients
@2016-Feb-05 11:59:10 ERROR Server:50 - java.net.SocketException: Socket is closed
@2016-Feb-05 11:59:10 INFO  Server:47 - Waiting for Clients
@2016-Feb-05 11:59:10 ERROR Server:50 - java.net.SocketException: Socket is closed
@2016-Feb-05 11:59:10 INFO  Server:47 - Waiting for Clients
@2016-Feb-05 11:59:10 ERROR Server:50 - java.net.SocketException: Socket is closed
@2016-Feb-05 11:59:10 INFO  Server:47 - Waiting for Clients
@2016-Feb-05 11:59:10 ERROR Server:50 - java.net.SocketException: Socket is closed
@2016-Feb-05 11:59:10 INFO  Server:47 - Waiting for Clients
@2016-Feb-05 11:59:10 ERROR Server:50 - java.net.SocketException: Socket is closed
@2016-Feb-05 11:59:10 INFO  Server:47 - Waiting for Clients
@2016-Feb-05 11:59:10 ERROR Server:50 - java.net.SocketException: Socket is closed
@2016-Feb-05 11:59:10 INFO  Server:47 - Waiting for Clients
@2016-Feb-05 11:59:10 ERROR Server:50 - java.net.SocketException: Socket is closed
@2016-Feb-05 11:59:10 INFO  Server:47 - Waiting for Clients
@2016-Feb-05 11:59:10 ERROR Server:50 - java.net.SocketException: Socket is closed
@2016-Feb-05 11:59:10 INFO  Server:47 - Waiting for Clients
@2016-Feb-05 11:59:10 ERROR Server:50 - java.net.SocketException: Socket is closed
@2016-Feb-05 11:59:10 INFO  Server:47 - Waiting for Clients
@2016-Feb-05 11:59:10 ERROR Server:50 - java.net.SocketException: Socket is closed
@2016-Feb-05 11:59:10 INFO  Server:47 - Waiting for Clients
@2016-Feb-05 11:59:10 ERROR Server:50 - java.net.SocketException: Socket is closed
@2016-Feb-05 11:59:10 INFO  Server:47 - Waiting for Clients
@2016-Feb-05 11:59:10 ERROR Server:50 - java.net.SocketException: Socket is closed
@2016-Feb-05 11:59:11 INFO  Server:47 - Waiting for Clients
@2016-Feb-05 11:59:11 ERROR Server:50 - java.net.SocketException: Socket is closed
@2016-Feb-05 11:59:11 INFO  Server:47 - Waiting for Clients
@2016-Feb-05 11:59:11 ERROR Server:50 - java.net.SocketException: Socket is closed
@2016-Feb-05 11:59:11 INFO  Server:47 - Waiting for Clients
@2016-Feb-05 11:59:11 ERROR Server:50 - java.net.SocketException: Socket is closed
@2016-Feb-05 11:59:11 INFO  Server:47 - Waiting for Clients
@2016-Feb-05 11:59:11 ERROR Server:50 - java.net.SocketException: Socket is closed
@2016-Feb-05 11:59:11 INFO  Server:47 - Waiting for Clients
@2016-Feb-05 11:59:11 ERROR Server:50 - java.net.SocketException: Socket is closed
@2016-Feb-05 11:59:11 INFO  Server:47 - Waiting for Clients
@2016-Feb-05 11:59:11 ERROR Server:50 - java.net.SocketException: Socket is closed
@2016-Feb-05 11:59:11 INFO  Server:47 - Waiting for Clients
@2016-Feb-05 11:59:11 ERROR Server:50 - java.net.SocketException: Socket is closed
@2016-Feb-05 11:59:11 INFO  Server:47 - Waiting for Clients
@2016-Feb-05 11:59:11 ERROR Server:50 - java.net.SocketException: Socket is closed
@2016-Feb-05 11:59:11 INFO  Server:47 - Waiting for Clients
@2016-Feb-05 11:59:11 ERROR Server:50 - java.net.SocketException: Socket is closed
@2016-Feb-05 11:59:11 INFO  Server:47 - Waiting for Clients
@2016-Feb-05 11:59:11 ERROR Server:50 - java.net.SocketException: Socket is closed
@2016-Feb-05 11:59:11 INFO  Server:47 - Waiting for Clients
@2016-Feb-05 11:59:11 ERROR Server:50 - java.net.SocketException: Socket is closed
@2016-Feb-05 11:59:11 INFO  Server:47 - Waiting for Clients
@2016-Feb-05 11:59:11 ERROR Server:50 - java.net.SocketException: Socket is closed
@2016-Feb-05 11:59:11 INFO  Server:47 - Waiting for Clients
@2016-Feb-05 11:59:11 ERROR Server:50 - java.net.SocketException: Socket is closed
@2016-Feb-05 11:59:11 INFO  Server:47 - Waiting for Clients
@2016-Feb-05 11:59:11 ERROR Server:50 - java.net.SocketException: Socket is closed
@2016-Feb-05 11:59:11 INFO  Server:47 - Waiting for Clients
@2016-Feb-05 11:59:11 ERROR Server:50 - java.net.SocketException: Socket is closed
@2016-Feb-05 11:59:11 INFO  Server:47 - Waiting for Clients
@2016-Feb-05 11:59:11 ERROR Server:50 - java.net.SocketException: Socket is closed
@2016-Feb-05 11:59:11 INFO  Server:47 - Waiting for Clients
@2016-Feb-05 11:59:11 ERROR Server:50 - java.net.SocketException: Socket is closed
@2016-Feb-05 11:59:11 INFO  Server:47 - Waiting for Clients
@2016-Feb-05 11:59:11 ERROR Server:50 - java.net.SocketException: Socket is closed
@2016-Feb-05 11:59:11 INFO  Server:47 - Waiting for Clients
@2016-Feb-05 11:59:11 ERROR Server:50 - java.net.SocketException: Socket is closed
@2016-Feb-05 11:59:11 INFO  Server:47 - Waiting for Clients
@2016-Feb-05 11:59:11 ERROR Server:50 - java.net.SocketException: Socket is closed
@2016-Feb-05 11:59:11 INFO  Server:47 - Waiting for Clients
@2016-Feb-05 11:59:11 ERROR Server:50 - java.net.SocketException: Socket is closed
@2016-Feb-05 11:59:11 INFO  Server:47 - Waiting for Clients
@2016-Feb-05 11:59:11 ERROR Server:50 - java.net.SocketException: Socket is closed
@2016-Feb-05 11:59:11 INFO  Server:47 - Waiting for Clients
@2016-Feb-05 11:59:11 ERROR Server:50 - java.net.SocketException: Socket is closed
@2016-Feb-05 11:59:11 INFO  Server:47 - Waiting for Clients
@2016-Feb-05 11:59:11 ERROR Server:50 - java.net.SocketException: Socket is closed
@2016-Feb-05 11:59:11 INFO  Server:47 - Waiting for Clients
@2016-Feb-05 11:59:11 ERROR Server:50 - java.net.SocketException: Socket is closed
@2016-Feb-05 11:59:11 INFO  Server:47 - Waiting for Clients
@2016-Feb-05 11:59:11 ERROR Server:50 - java.net.SocketException: Socket is closed
@2016-Feb-05 11:59:11 INFO  Server:47 - Waiting for Clients
@2016-Feb-05 11:59:11 ERROR Server:50 - java.net.SocketException: Socket is closed
@2016-Feb-05 11:59:11 INFO  Server:47 - Waiting for Clients
@2016-Feb-05 11:59:11 ERROR Server:50 - java.net.SocketException: Socket is closed
@2016-Feb-05 11:59:11 INFO  Server:47 - Waiting for Clients
@2016-Feb-05 11:59:11 ERROR Server:50 - java.net.SocketException: Socket is closed
@2016-Feb-05 11:59:11 INFO  Server:47 - Waiting for Clients
@2016-Feb-05 11:59:11 ERROR Server:50 - java.net.SocketException: Socket is closed
@2016-Feb-05 11:59:11 INFO  Server:47 - Waiting for Clients
@2016-Feb-05 11:59:11 ERROR Server:50 - java.net.SocketException: Socket is closed
@2016-Feb-05 11:59:11 INFO  Server:47 - Waiting for Clients
@2016-Feb-05 11:59:11 ERROR Server:50 - java.net.SocketException: Socket is closed
@2016-Feb-05 11:59:11 INFO  Server:47 - Waiting for Clients
@2016-Feb-05 11:59:11 ERROR Server:50 - java.net.SocketException: Socket is closed
@2016-Feb-05 11:59:11 INFO  Server:47 - Waiting for Clients
@2016-Feb-05 11:59:11 ERROR Server:50 - java.net.SocketException: Socket is closed
@2016-Feb-05 11:59:11 INFO  Server:47 - Waiting for Clients
@2016-Feb-05 11:59:11 ERROR Server:50 - java.net.SocketException: Socket is closed
@2016-Feb-05 11:59:11 INFO  Server:47 - Waiting for Clients
@2016-Feb-05 11:59:11 ERROR Server:50 - java.net.SocketException: Socket is closed
@